<?xml version="1.0" encoding="UTF-8"?>
<!-- Generated by org.testng.reporters.JUnitReportReporter -->
<testsuite skipped="0" hostname="PREDHIL" name="FlightSearch.google" tests="1" failures="0" timestamp="2019-09-20T10:59:59 MDT" time="29.835" errors="0">
  <testcase name="test" time="29.835" classname="FlightSearch.google"/>
</testsuite> <!-- FlightSearch.google -->
